<?xml version="1.0" encoding="UTF-8"?>
<testng-results ignored="0" total="1" passed="1" failed="0" skipped="0">
  <reporter-output>
  </reporter-output>
  <suite started-at="2023-09-13T04:48:05Z" name="Default suite" finished-at="2023-09-13T04:48:06Z" duration-ms="1230">
    <groups>
    </groups>
    <test started-at="2023-09-13T04:48:05Z" name="Default test" finished-at="2023-09-13T04:48:06Z" duration-ms="1230">
      <class name="test.ReadAll">
        <test-method signature="readAllProducts()[pri:0, instance:test.ReadAll@4ddbbdf8]" started-at="2023-09-13T00:48:05Z" name="readAllProducts" finished-at="2023-09-13T00:48:06Z" duration-ms="1223" status="PASS">
          <reporter-output>
          </reporter-output>
        </test-method> <!-- readAllProducts -->
      </class> <!-- test.ReadAll -->
    </test> <!-- Default test -->
  </suite> <!-- Default suite -->
</testng-results>
